

***********************************************************************
Fatal NI connect error 6413, connecting to:
 (DESCRIPTION=(ADDRESS_LIST=(ADDRESS=(PROTOCOL=TCP)(HOST=172.16.0.40)(PORT=1521)))(CONNECT_DATA=(SID=GRZPROD)(CID=(PROGRAM=C:\Program Files (x86)\Borland\Delphi7\Bin\delphi32.exe)(HOST=KLEBER)(USER=380256))))

  VERSION INFORMATION:
	TNS for 32-bit Windows: Version 8.0.6.3.0 - Production
  Time: 17-MAR-2016 08:37:43
  Tracing not turned on.


***********************************************************************
Fatal NI connect error 6413, connecting to:
 (DESCRIPTION=(ADDRESS_LIST=(ADDRESS=(PROTOCOL=BEQ)(PROGRAM=oracle80)(ARGV0=oracle80ORCL)(ARGS='(DESCRIPTION=(LOCAL=YES)(ADDRESS=(PROTOCOL=beq)))')))(CONNECT_DATA=(SID=ORCL)(CID=(PROGRAM=C:\Program Files (x86)\Borland\Delphi7\Bin\delphi32.exe)(HOST=KLEBER)(USER=380256))))

  VERSION INFORMATION:
	TNS for 32-bit Windows: Version 8.0.6.3.0 - Production
  Time: 17-MAR-2016 08:37:43
  Tracing not turned on.


***********************************************************************
Fatal NI connect error 12203, connecting to:
 (DESCRIPTION=(ADDRESS_LIST=(ADDRESS=(PROTOCOL=BEQ)(PROGRAM=oracle80)(ARGV0=oracle80ORCL)(ARGS='(DESCRIPTION=(LOCAL=YES)(ADDRESS=(PROTOCOL=beq)))')))(CONNECT_DATA=(SID=ORCL)(CID=(PROGRAM=C:\Program Files\Borland\Delphi7\Bin\delphi32.exe)(HOST=KLEBER)(USER=380256))))

  VERSION INFORMATION:
	TNS for 32-bit Windows: Version 8.0.6.3.0 - Production
	Oracle Bequeath NT Protocol Adapter for 32-bit Windows: Version 8.0.6.3.0 - Production
  Time: 17-MAR-2016 13:38:26
  Tracing not turned on.
  Tns error struct:
    nr err code: 12203
    TNS-12203: TNS:unable to connect to destination
    ns main err code: 12560
    TNS-12560: TNS:protocol adapter error
    ns secondary err code: 0
    nt main err code: 530
    TNS-00530: Protocol adapter error
    nt secondary err code: 0
    nt OS err code: 0


***********************************************************************
Fatal NI connect error 12203, connecting to:
 (DESCRIPTION=(ADDRESS_LIST=(ADDRESS=(PROTOCOL=BEQ)(PROGRAM=oracle80)(ARGV0=oracle80ORCL)(ARGS='(DESCRIPTION=(LOCAL=YES)(ADDRESS=(PROTOCOL=beq)))')))(CONNECT_DATA=(SID=ORCL)(CID=(PROGRAM=C:\Program Files\Borland\Delphi7\Bin\delphi32.exe)(HOST=KLEBER)(USER=380256))))

  VERSION INFORMATION:
	TNS for 32-bit Windows: Version 8.0.6.3.0 - Production
	Oracle Bequeath NT Protocol Adapter for 32-bit Windows: Version 8.0.6.3.0 - Production
  Time: 17-MAR-2016 13:38:48
  Tracing not turned on.
  Tns error struct:
    nr err code: 12203
    TNS-12203: TNS:unable to connect to destination
    ns main err code: 12560
    TNS-12560: TNS:protocol adapter error
    ns secondary err code: 0
    nt main err code: 530
    TNS-00530: Protocol adapter error
    nt secondary err code: 0
    nt OS err code: 0


***********************************************************************
Fatal NI connect error 12203, connecting to:
 (DESCRIPTION=(ADDRESS_LIST=(ADDRESS=(PROTOCOL=BEQ)(PROGRAM=oracle80)(ARGV0=oracle80ORCL)(ARGS='(DESCRIPTION=(LOCAL=YES)(ADDRESS=(PROTOCOL=beq)))')))(CONNECT_DATA=(SID=ORCL)(CID=(PROGRAM=C:\Program Files\Borland\Delphi7\Bin\delphi32.exe)(HOST=KLEBER)(USER=380256))))

  VERSION INFORMATION:
	TNS for 32-bit Windows: Version 8.0.6.3.0 - Production
	Oracle Bequeath NT Protocol Adapter for 32-bit Windows: Version 8.0.6.3.0 - Production
  Time: 17-MAR-2016 13:38:48
  Tracing not turned on.
  Tns error struct:
    nr err code: 12203
    TNS-12203: TNS:unable to connect to destination
    ns main err code: 12560
    TNS-12560: TNS:protocol adapter error
    ns secondary err code: 0
    nt main err code: 530
    TNS-00530: Protocol adapter error
    nt secondary err code: 0
    nt OS err code: 0


***********************************************************************
Fatal NI connect error 6413, connecting to:
 (DESCRIPTION=(ADDRESS_LIST=(ADDRESS=(PROTOCOL=TCP)(HOST=172.16.0.40)(PORT=1521)))(CONNECT_DATA=(SID=GRZPROD)(CID=(PROGRAM=C:\Program Files (x86)\Borland\Delphi7\Bin\delphi32.exe)(HOST=KLEBER)(USER=380256))))

  VERSION INFORMATION:
	TNS for 32-bit Windows: Version 8.0.6.3.0 - Production
  Time: 18-MAR-2016 08:08:34
  Tracing not turned on.


***********************************************************************
Fatal NI connect error 6413, connecting to:
 (DESCRIPTION=(ADDRESS_LIST=(ADDRESS=(PROTOCOL=BEQ)(PROGRAM=oracle80)(ARGV0=oracle80ORCL)(ARGS='(DESCRIPTION=(LOCAL=YES)(ADDRESS=(PROTOCOL=beq)))')))(CONNECT_DATA=(SID=ORCL)(CID=(PROGRAM=C:\Program Files (x86)\Borland\Delphi7\Bin\delphi32.exe)(HOST=KLEBER)(USER=380256))))

  VERSION INFORMATION:
	TNS for 32-bit Windows: Version 8.0.6.3.0 - Production
  Time: 18-MAR-2016 08:08:34
  Tracing not turned on.


***********************************************************************
Fatal NI connect error 6413, connecting to:
 (DESCRIPTION=(ADDRESS_LIST=(ADDRESS=(PROTOCOL=TCP)(HOST=172.16.0.40)(PORT=1521)))(CONNECT_DATA=(SID=GRZPROD)(CID=(PROGRAM=C:\Program Files (x86)\Borland\Delphi7\Bin\delphi32.exe)(HOST=KLEBER)(USER=380256))))

  VERSION INFORMATION:
	TNS for 32-bit Windows: Version 8.0.6.3.0 - Production
  Time: 18-MAR-2016 08:08:42
  Tracing not turned on.


***********************************************************************
Fatal NI connect error 6413, connecting to:
 (DESCRIPTION=(ADDRESS_LIST=(ADDRESS=(PROTOCOL=BEQ)(PROGRAM=oracle80)(ARGV0=oracle80ORCL)(ARGS='(DESCRIPTION=(LOCAL=YES)(ADDRESS=(PROTOCOL=beq)))')))(CONNECT_DATA=(SID=ORCL)(CID=(PROGRAM=C:\Program Files (x86)\Borland\Delphi7\Bin\delphi32.exe)(HOST=KLEBER)(USER=380256))))

  VERSION INFORMATION:
	TNS for 32-bit Windows: Version 8.0.6.3.0 - Production
  Time: 18-MAR-2016 08:08:42
  Tracing not turned on.


***********************************************************************
Fatal NI connect error 6413, connecting to:
 (DESCRIPTION=(ADDRESS_LIST=(ADDRESS=(PROTOCOL=TCP)(HOST=172.16.0.40)(PORT=1521)))(CONNECT_DATA=(SID=GRZPROD)(CID=(PROGRAM=C:\Program Files (x86)\Borland\Delphi7\Bin\delphi32.exe)(HOST=KLEBER)(USER=380256))))

  VERSION INFORMATION:
	TNS for 32-bit Windows: Version 8.0.6.3.0 - Production
  Time: 18-MAR-2016 16:10:55
  Tracing not turned on.


***********************************************************************
Fatal NI connect error 6413, connecting to:
 (DESCRIPTION=(ADDRESS_LIST=(ADDRESS=(PROTOCOL=BEQ)(PROGRAM=oracle80)(ARGV0=oracle80ORCL)(ARGS='(DESCRIPTION=(LOCAL=YES)(ADDRESS=(PROTOCOL=beq)))')))(CONNECT_DATA=(SID=ORCL)(CID=(PROGRAM=C:\Program Files (x86)\Borland\Delphi7\Bin\delphi32.exe)(HOST=KLEBER)(USER=380256))))

  VERSION INFORMATION:
	TNS for 32-bit Windows: Version 8.0.6.3.0 - Production
  Time: 18-MAR-2016 16:10:55
  Tracing not turned on.


***********************************************************************
Fatal NI connect error 6413, connecting to:
 (DESCRIPTION=(ADDRESS_LIST=(ADDRESS=(PROTOCOL=TCP)(HOST=172.16.0.40)(PORT=1521)))(CONNECT_DATA=(SID=GRZPROD)(CID=(PROGRAM=C:\Program Files (x86)\Borland\Delphi7\Bin\delphi32.exe)(HOST=KLEBER)(USER=380256))))

  VERSION INFORMATION:
	TNS for 32-bit Windows: Version 8.0.6.3.0 - Production
  Time: 18-MAR-2016 16:10:57
  Tracing not turned on.


***********************************************************************
Fatal NI connect error 6413, connecting to:
 (DESCRIPTION=(ADDRESS_LIST=(ADDRESS=(PROTOCOL=BEQ)(PROGRAM=oracle80)(ARGV0=oracle80ORCL)(ARGS='(DESCRIPTION=(LOCAL=YES)(ADDRESS=(PROTOCOL=beq)))')))(CONNECT_DATA=(SID=ORCL)(CID=(PROGRAM=C:\Program Files (x86)\Borland\Delphi7\Bin\delphi32.exe)(HOST=KLEBER)(USER=380256))))

  VERSION INFORMATION:
	TNS for 32-bit Windows: Version 8.0.6.3.0 - Production
  Time: 18-MAR-2016 16:10:57
  Tracing not turned on.


***********************************************************************
Fatal NI connect error 6413, connecting to:
 (DESCRIPTION=(ADDRESS_LIST=(ADDRESS=(PROTOCOL=TCP)(HOST=172.16.0.40)(PORT=1521)))(CONNECT_DATA=(SID=GRZPROD)(CID=(PROGRAM=C:\Program Files (x86)\Borland\Delphi7\Bin\delphi32.exe)(HOST=KLEBER)(USER=380256))))

  VERSION INFORMATION:
	TNS for 32-bit Windows: Version 8.0.6.3.0 - Production
  Time: 15-APR-2016 16:36:19
  Tracing not turned on.


***********************************************************************
Fatal NI connect error 6413, connecting to:
 (DESCRIPTION=(ADDRESS_LIST=(ADDRESS=(PROTOCOL=BEQ)(PROGRAM=oracle80)(ARGV0=oracle80ORCL)(ARGS='(DESCRIPTION=(LOCAL=YES)(ADDRESS=(PROTOCOL=beq)))')))(CONNECT_DATA=(SID=ORCL)(CID=(PROGRAM=C:\Program Files (x86)\Borland\Delphi7\Bin\delphi32.exe)(HOST=KLEBER)(USER=380256))))

  VERSION INFORMATION:
	TNS for 32-bit Windows: Version 8.0.6.3.0 - Production
  Time: 15-APR-2016 16:36:19
  Tracing not turned on.


***********************************************************************
Fatal NI connect error 6413, connecting to:
 (DESCRIPTION=(ADDRESS_LIST=(ADDRESS=(PROTOCOL=TCP)(HOST=172.16.0.40)(PORT=1521)))(CONNECT_DATA=(SID=GRZPROD)(CID=(PROGRAM=C:\Program Files (x86)\Borland\Delphi7\Bin\delphi32.exe)(HOST=KLEBER)(USER=380256))))

  VERSION INFORMATION:
	TNS for 32-bit Windows: Version 8.0.6.3.0 - Production
  Time: 29-APR-2016 15:45:01
  Tracing not turned on.


***********************************************************************
Fatal NI connect error 6413, connecting to:
 (DESCRIPTION=(ADDRESS_LIST=(ADDRESS=(PROTOCOL=BEQ)(PROGRAM=oracle80)(ARGV0=oracle80ORCL)(ARGS='(DESCRIPTION=(LOCAL=YES)(ADDRESS=(PROTOCOL=beq)))')))(CONNECT_DATA=(SID=ORCL)(CID=(PROGRAM=C:\Program Files (x86)\Borland\Delphi7\Bin\delphi32.exe)(HOST=KLEBER)(USER=380256))))

  VERSION INFORMATION:
	TNS for 32-bit Windows: Version 8.0.6.3.0 - Production
  Time: 29-APR-2016 15:45:01
  Tracing not turned on.


***********************************************************************
Fatal NI connect error 6413, connecting to:
 (DESCRIPTION=(ADDRESS_LIST=(ADDRESS=(PROTOCOL=TCP)(HOST=172.16.0.40)(PORT=1521)))(CONNECT_DATA=(SID=GRZPROD)(CID=(PROGRAM=C:\Program Files (x86)\Borland\Delphi7\Bin\delphi32.exe)(HOST=KLEBER)(USER=380256))))

  VERSION INFORMATION:
	TNS for 32-bit Windows: Version 8.0.6.3.0 - Production
  Time: 29-APR-2016 16:15:58
  Tracing not turned on.


***********************************************************************
Fatal NI connect error 6413, connecting to:
 (DESCRIPTION=(ADDRESS_LIST=(ADDRESS=(PROTOCOL=BEQ)(PROGRAM=oracle80)(ARGV0=oracle80ORCL)(ARGS='(DESCRIPTION=(LOCAL=YES)(ADDRESS=(PROTOCOL=beq)))')))(CONNECT_DATA=(SID=ORCL)(CID=(PROGRAM=C:\Program Files (x86)\Borland\Delphi7\Bin\delphi32.exe)(HOST=KLEBER)(USER=380256))))

  VERSION INFORMATION:
	TNS for 32-bit Windows: Version 8.0.6.3.0 - Production
  Time: 29-APR-2016 16:15:58
  Tracing not turned on.


***********************************************************************
Fatal NI connect error 6413, connecting to:
 (DESCRIPTION=(ADDRESS_LIST=(ADDRESS=(PROTOCOL=TCP)(HOST=172.16.0.40)(PORT=1521)))(CONNECT_DATA=(SID=GRZPROD)(CID=(PROGRAM=C:\Program Files (x86)\Borland\Delphi7\Bin\delphi32.exe)(HOST=KLEBER)(USER=380256))))

  VERSION INFORMATION:
	TNS for 32-bit Windows: Version 8.0.6.3.0 - Production
  Time: 13-MAY-2016 08:39:00
  Tracing not turned on.


***********************************************************************
Fatal NI connect error 6413, connecting to:
 (DESCRIPTION=(ADDRESS_LIST=(ADDRESS=(PROTOCOL=BEQ)(PROGRAM=oracle80)(ARGV0=oracle80ORCL)(ARGS='(DESCRIPTION=(LOCAL=YES)(ADDRESS=(PROTOCOL=beq)))')))(CONNECT_DATA=(SID=ORCL)(CID=(PROGRAM=C:\Program Files (x86)\Borland\Delphi7\Bin\delphi32.exe)(HOST=KLEBER)(USER=380256))))

  VERSION INFORMATION:
	TNS for 32-bit Windows: Version 8.0.6.3.0 - Production
  Time: 13-MAY-2016 08:39:00
  Tracing not turned on.


***********************************************************************
Fatal NI connect error 6413, connecting to:
 (DESCRIPTION=(ADDRESS_LIST=(ADDRESS=(PROTOCOL=TCP)(HOST=172.16.0.40)(PORT=1521)))(CONNECT_DATA=(SID=GRZPROD)(CID=(PROGRAM=C:\Program Files (x86)\Borland\Delphi7\Bin\delphi32.exe)(HOST=KLEBER)(USER=380256))))

  VERSION INFORMATION:
	TNS for 32-bit Windows: Version 8.0.6.3.0 - Production
  Time: 27-MAY-2016 10:02:33
  Tracing not turned on.


***********************************************************************
Fatal NI connect error 6413, connecting to:
 (DESCRIPTION=(ADDRESS_LIST=(ADDRESS=(PROTOCOL=BEQ)(PROGRAM=oracle80)(ARGV0=oracle80ORCL)(ARGS='(DESCRIPTION=(LOCAL=YES)(ADDRESS=(PROTOCOL=beq)))')))(CONNECT_DATA=(SID=ORCL)(CID=(PROGRAM=C:\Program Files (x86)\Borland\Delphi7\Bin\delphi32.exe)(HOST=KLEBER)(USER=380256))))

  VERSION INFORMATION:
	TNS for 32-bit Windows: Version 8.0.6.3.0 - Production
  Time: 27-MAY-2016 10:02:33
  Tracing not turned on.


***********************************************************************
Fatal NI connect error 6413, connecting to:
 (DESCRIPTION=(ADDRESS_LIST=(ADDRESS=(PROTOCOL=TCP)(HOST=172.16.0.40)(PORT=1521)))(CONNECT_DATA=(SID=GRZPROD)(CID=(PROGRAM=C:\Program Files (x86)\Borland\Delphi7\Bin\delphi32.exe)(HOST=KLEBER)(USER=380256))))

  VERSION INFORMATION:
	TNS for 32-bit Windows: Version 8.0.6.3.0 - Production
  Time: 16-JUN-2016 09:42:07
  Tracing not turned on.


***********************************************************************
Fatal NI connect error 6413, connecting to:
 (DESCRIPTION=(ADDRESS_LIST=(ADDRESS=(PROTOCOL=BEQ)(PROGRAM=oracle80)(ARGV0=oracle80ORCL)(ARGS='(DESCRIPTION=(LOCAL=YES)(ADDRESS=(PROTOCOL=beq)))')))(CONNECT_DATA=(SID=ORCL)(CID=(PROGRAM=C:\Program Files (x86)\Borland\Delphi7\Bin\delphi32.exe)(HOST=KLEBER)(USER=380256))))

  VERSION INFORMATION:
	TNS for 32-bit Windows: Version 8.0.6.3.0 - Production
  Time: 16-JUN-2016 09:42:07
  Tracing not turned on.


***********************************************************************
Fatal NI connect error 6413, connecting to:
 (DESCRIPTION=(ADDRESS_LIST=(ADDRESS=(PROTOCOL=TCP)(HOST=172.16.0.40)(PORT=1521)))(CONNECT_DATA=(SID=GRZPROD)(CID=(PROGRAM=C:\Program Files (x86)\Borland\Delphi7\Bin\delphi32.exe)(HOST=KLEBER)(USER=380256))))

  VERSION INFORMATION:
	TNS for 32-bit Windows: Version 8.0.6.3.0 - Production
  Time: 13-OCT-2016 17:00:56
  Tracing not turned on.


***********************************************************************
Fatal NI connect error 6413, connecting to:
 (DESCRIPTION=(ADDRESS_LIST=(ADDRESS=(PROTOCOL=BEQ)(PROGRAM=oracle80)(ARGV0=oracle80ORCL)(ARGS='(DESCRIPTION=(LOCAL=YES)(ADDRESS=(PROTOCOL=beq)))')))(CONNECT_DATA=(SID=ORCL)(CID=(PROGRAM=C:\Program Files (x86)\Borland\Delphi7\Bin\delphi32.exe)(HOST=KLEBER)(USER=380256))))

  VERSION INFORMATION:
	TNS for 32-bit Windows: Version 8.0.6.3.0 - Production
  Time: 13-OCT-2016 17:00:56
  Tracing not turned on.


***********************************************************************
Fatal NI connect error 6413, connecting to:
 (DESCRIPTION=(ADDRESS_LIST=(ADDRESS=(PROTOCOL=TCP)(HOST=172.16.0.40)(PORT=1521)))(CONNECT_DATA=(SID=GRZPROD)(CID=(PROGRAM=C:\Program Files (x86)\Borland\Delphi7\Bin\delphi32.exe)(HOST=KLEBER)(USER=380256))))

  VERSION INFORMATION:
	TNS for 32-bit Windows: Version 8.0.6.3.0 - Production
  Time: 01-DEC-2016 11:41:56
  Tracing not turned on.


***********************************************************************
Fatal NI connect error 6413, connecting to:
 (DESCRIPTION=(ADDRESS_LIST=(ADDRESS=(PROTOCOL=BEQ)(PROGRAM=oracle80)(ARGV0=oracle80ORCL)(ARGS='(DESCRIPTION=(LOCAL=YES)(ADDRESS=(PROTOCOL=beq)))')))(CONNECT_DATA=(SID=ORCL)(CID=(PROGRAM=C:\Program Files (x86)\Borland\Delphi7\Bin\delphi32.exe)(HOST=KLEBER)(USER=380256))))

  VERSION INFORMATION:
	TNS for 32-bit Windows: Version 8.0.6.3.0 - Production
  Time: 01-DEC-2016 11:41:56
  Tracing not turned on.


***********************************************************************
Fatal NI connect error 6413, connecting to:
 (DESCRIPTION=(ADDRESS_LIST=(ADDRESS=(PROTOCOL=TCP)(HOST=172.16.0.40)(PORT=1521)))(CONNECT_DATA=(SID=GRZPROD)(CID=(PROGRAM=C:\Program Files (x86)\Borland\Delphi7\Bin\delphi32.exe)(HOST=KLEBER)(USER=380256))))

  VERSION INFORMATION:
	TNS for 32-bit Windows: Version 8.0.6.3.0 - Production
  Time: 30-JUL-2018 16:29:46
  Tracing not turned on.


***********************************************************************
Fatal NI connect error 6413, connecting to:
 (DESCRIPTION=(ADDRESS_LIST=(ADDRESS=(PROTOCOL=BEQ)(PROGRAM=oracle80)(ARGV0=oracle80ORCL)(ARGS='(DESCRIPTION=(LOCAL=YES)(ADDRESS=(PROTOCOL=beq)))')))(CONNECT_DATA=(SID=ORCL)(CID=(PROGRAM=C:\Program Files (x86)\Borland\Delphi7\Bin\delphi32.exe)(HOST=KLEBER)(USER=380256))))

  VERSION INFORMATION:
	TNS for 32-bit Windows: Version 8.0.6.3.0 - Production
  Time: 30-JUL-2018 16:29:46
  Tracing not turned on.
